<?xml version="1.0" encoding="UTF-8" ?>
<testsuites>
  <testsuite errors="0" failures="0" hostname="Adams-Mac-Pro.local" id="0" name="ElasticSearchISpec" package="uk.co.brc.modelcatalogue" tests="26" time="2.529" timestamp="2014-03-27T15:22:19">
      <properties />

      <testcase classname="uk.co.brc.modelcatalogue.ElasticSearchISpec" name="1 - text search for resource " time="1.604" />

      <testcase classname="uk.co.brc.modelcatalogue.ElasticSearchISpec" name="2 - text search for resource " time="0.02" />

      <testcase classname="uk.co.brc.modelcatalogue.ElasticSearchISpec" name="3 - text search for resource " time="0.266" />

      <testcase classname="uk.co.brc.modelcatalogue.ElasticSearchISpec" name="4 - text search for resource " time="0.024" />

      <testcase classname="uk.co.brc.modelcatalogue.ElasticSearchISpec" name="5 - text search for resource " time="0.047" />

      <testcase classname="uk.co.brc.modelcatalogue.ElasticSearchISpec" name="6 - text search for resource " time="0.045" />

      <testcase classname="uk.co.brc.modelcatalogue.ElasticSearchISpec" name="7 - text search for resource " time="0.042" />

      <testcase classname="uk.co.brc.modelcatalogue.ElasticSearchISpec" name="8 - text search for resource " time="0.043" />

      <testcase classname="uk.co.brc.modelcatalogue.ElasticSearchISpec" name="9 - text search for resource " time="0.025" />

      <testcase classname="uk.co.brc.modelcatalogue.ElasticSearchISpec" name="10 - text search for resource " time="0.025" />

      <testcase classname="uk.co.brc.modelcatalogue.ElasticSearchISpec" name="11 - text search for resource " time="0.018" />

      <testcase classname="uk.co.brc.modelcatalogue.ElasticSearchISpec" name="12 - text search for resource " time="0.021" />

      <testcase classname="uk.co.brc.modelcatalogue.ElasticSearchISpec" name="13 - text search for resource " time="0.03" />

      <testcase classname="uk.co.brc.modelcatalogue.ElasticSearchISpec" name="14 - text search for resource " time="0.052" />

      <testcase classname="uk.co.brc.modelcatalogue.ElasticSearchISpec" name="17 - text search for resource " time="0.019" />

      <testcase classname="uk.co.brc.modelcatalogue.ElasticSearchISpec" name="18 - text search for resource " time="0.022" />

      <testcase classname="uk.co.brc.modelcatalogue.ElasticSearchISpec" name="20 - text search for resource " time="0.019" />

      <testcase classname="uk.co.brc.modelcatalogue.ElasticSearchISpec" name="21 - text search for resource " time="0.015" />

      <testcase classname="uk.co.brc.modelcatalogue.ElasticSearchISpec" name="1 -  search model catalogue - paginate results" time="0.059" />

      <testcase classname="uk.co.brc.modelcatalogue.ElasticSearchISpec" name="2 -  search model catalogue - paginate results" time="0.045" />

      <testcase classname="uk.co.brc.modelcatalogue.ElasticSearchISpec" name="3 -  search model catalogue - paginate results" time="0.012" />

      <testcase classname="uk.co.brc.modelcatalogue.ElasticSearchISpec" name="4 -  search model catalogue - paginate results" time="0.011" />

      <testcase classname="uk.co.brc.modelcatalogue.ElasticSearchISpec" name="5 -  search model catalogue - paginate results" time="0.011" />

      <testcase classname="uk.co.brc.modelcatalogue.ElasticSearchISpec" name="6 -  search model catalogue - paginate results" time="0.011" />

      <testcase classname="uk.co.brc.modelcatalogue.ElasticSearchISpec" name="1 - bad search params" time="0.01" />

      <testcase classname="uk.co.brc.modelcatalogue.ElasticSearchISpec" name="2 - bad search params" time="0.003" />

      <system-out><![CDATA[--Output from 1 - text search for resource --
--Output from 2 - text search for resource --
--Output from 3 - text search for resource --
--Output from 4 - text search for resource --
--Output from 5 - text search for resource --
--Output from 6 - text search for resource --
--Output from 7 - text search for resource --
--Output from 8 - text search for resource --
--Output from 9 - text search for resource --
--Output from 10 - text search for resource --
--Output from 11 - text search for resource --
--Output from 12 - text search for resource --
--Output from 13 - text search for resource --
--Output from 14 - text search for resource --
--Output from 17 - text search for resource --
--Output from 18 - text search for resource --
--Output from 20 - text search for resource --
--Output from 21 - text search for resource --
--Output from 1 -  search model catalogue - paginate results--
--Output from 2 -  search model catalogue - paginate results--
--Output from 3 -  search model catalogue - paginate results--
--Output from 4 -  search model catalogue - paginate results--
--Output from 5 -  search model catalogue - paginate results--
--Output from 6 -  search model catalogue - paginate results--
--Output from 1 - bad search params--
--Output from 2 - bad search params--
]]></system-out>

      <system-err><![CDATA[--Output from 1 - text search for resource --
--Output from 2 - text search for resource --
--Output from 3 - text search for resource --
--Output from 4 - text search for resource --
--Output from 5 - text search for resource --
--Output from 6 - text search for resource --
--Output from 7 - text search for resource --
--Output from 8 - text search for resource --
--Output from 9 - text search for resource --
--Output from 10 - text search for resource --
--Output from 11 - text search for resource --
--Output from 12 - text search for resource --
--Output from 13 - text search for resource --
--Output from 14 - text search for resource --
--Output from 17 - text search for resource --
--Output from 18 - text search for resource --
--Output from 20 - text search for resource --
--Output from 21 - text search for resource --
--Output from 1 -  search model catalogue - paginate results--
--Output from 2 -  search model catalogue - paginate results--
--Output from 3 -  search model catalogue - paginate results--
--Output from 4 -  search model catalogue - paginate results--
--Output from 5 -  search model catalogue - paginate results--
--Output from 6 -  search model catalogue - paginate results--
--Output from 1 - bad search params--
--Output from 2 - bad search params--
]]></system-err>

  </testsuite>
  <testsuite errors="0" failures="0" hostname="Adams-Mac-Pro.local" id="1" name="ImportServiceSpec" package="uk.co.brc.modelcatalogue" tests="1" time="2.948" timestamp="2014-03-27T15:22:22">
      <properties />

      <testcase classname="uk.co.brc.modelcatalogue.ImportServiceSpec" name="import nhic spreadsheet" time="2.947" />

      <system-out><![CDATA[--Output from import nhic spreadsheet--
importing: TEST_1_Round1_CAN
importing: TEST_2_Round1_CAN
importing: TEST_3_Round1_CAN
importing: TEST_4_Round1_CAN
importing: TEST_5_Round1_CAN
importing: TEST_6_Round1_CAN
importing: TEST_7_Round1_CAN
importing: TEST_8_Round1_CAN
importing: TEST_9_Round1_CAN
importing: TEST_10_Round1_CAN
importing: TEST_11_Round1_CAN
importing: TEST_12_Round1_CAN
importing: TEST_13_Round1_CAN
importing: TEST_14_Round1_CAN
importing: TEST_15_Round1_CAN
importing: TEST_16_Round1_CAN
importing: TEST_17_Round1_CAN
importing: TEST_18_Round1_CAN
importing: TEST_19_Round1_CAN
importing: TEST_20_Round1_CAN
importing: TEST_21_Round1_CAN
importing: TEST_22_Round1_CAN
importing: TEST_23_Round1_CAN
importing: TEST_24_Round1_CAN
importing: TEST_25_Round1_CAN
importing: TEST_26_Round1_CAN
importing: TEST_27_Round1_CAN
importing: TEST_28_Round1_CAN
importing: TEST_29_Round1_CAN
importing: TEST_30_Round1_CAN
importing: TEST_31_Round1_CAN
importing: TEST_32_Round1_CAN
importing: TEST_33_Round1_CAN
importing: TEST_GENDER_Round1_CAN
]]></system-out>

      <system-err><![CDATA[--Output from import nhic spreadsheet--
]]></system-err>

  </testsuite>
</testsuites>
